C:\USERS\олег\DOCUMENTS\VISUAL STUDIO 2012\PROJECTS\GAME\GAMETRIAL\GAME1\DEBUG\FUNCTIONS.OBJ
C:\USERS\олег\DOCUMENTS\VISUAL STUDIO 2012\PROJECTS\GAME\GAMETRIAL\GAME1\DEBUG\SOURCE.OBJ
C:\USERS\ОЛЕГ\DOCUMENTS\VISUAL STUDIO 2012\PROJECTS\GAME\GAMETRIAL\GAME1\DEBUG\VC110.PDB
C:\USERS\олег\DOCUMENTS\VISUAL STUDIO 2012\PROJECTS\GAME\GAMETRIAL\DEBUG\GAME1.ILK
C:\USERS\олег\DOCUMENTS\VISUAL STUDIO 2012\PROJECTS\GAME\GAMETRIAL\DEBUG\GAME1.EXE
C:\USERS\ОЛЕГ\DOCUMENTS\VISUAL STUDIO 2012\PROJECTS\GAME\GAMETRIAL\DEBUG\GAME1.PDB
C:\Users\олег\Documents\Visual Studio 2012\Projects\Game\GameTrial\Game1\Debug\Functions.obj
C:\Users\олег\Documents\Visual Studio 2012\Projects\Game\GameTrial\Game1\Debug\Source.obj
C:\Users\олег\Documents\Visual Studio 2012\Projects\Game\GameTrial\Game1\Debug\cl.command.1.tlog
C:\Users\олег\Documents\Visual Studio 2012\Projects\Game\GameTrial\Game1\Debug\CL.read.1.tlog
C:\Users\олег\Documents\Visual Studio 2012\Projects\Game\GameTrial\Game1\Debug\CL.write.1.tlog
C:\Users\олег\Documents\Visual Studio 2012\Projects\Game\GameTrial\Game1\Debug\link-cvtres.read.1.tlog
C:\Users\олег\Documents\Visual Studio 2012\Projects\Game\GameTrial\Game1\Debug\link-cvtres.write.1.tlog
C:\Users\олег\Documents\Visual Studio 2012\Projects\Game\GameTrial\Game1\Debug\link-rc.read.1.tlog
C:\Users\олег\Documents\Visual Studio 2012\Projects\Game\GameTrial\Game1\Debug\link-rc.write.1.tlog
C:\Users\олег\Documents\Visual Studio 2012\Projects\Game\GameTrial\Game1\Debug\link.command.1.tlog
C:\Users\олег\Documents\Visual Studio 2012\Projects\Game\GameTrial\Game1\Debug\link.read.1.tlog
C:\Users\олег\Documents\Visual Studio 2012\Projects\Game\GameTrial\Game1\Debug\link.write.1.tlog
C:\Users\олег\Documents\Visual Studio 2012\Projects\Game\GameTrial\Game1\Debug\vc110.idb
C:\Users\олег\Documents\Visual Studio 2012\Projects\Game\GameTrial\Game1\Debug\vc110.pdb
C:\Users\олег\Documents\Visual Studio 2012\Projects\Game\GameTrial\Debug\Game1.pdb
C:\Users\олег\Documents\Visual Studio 2012\Projects\Game\GameTrial\Debug\Game1.exe
C:\Users\олег\Documents\Visual Studio 2012\Projects\Game\GameTrial\Debug\Game1.ilk
